DEBUG:visited:https://bmovies.cloud/film/phoenix-rise-season-1-49512/
DEBUG:visited:https://bmovies.cloud/film/alone-australia-season-1-49511/
DEBUG:visited:https://bmovies.cloud/film/maestro-season-1-49503/
DEBUG:visited:https://bmovies.cloud/film/doogie-kamealoha-md-season-2-49497/
DEBUG:visited:https://bmovies.cloud/film/great-expectations-season-1-2023-49415/
DEBUG:visited:https://bmovies.cloud/film/copycat-killer-2023-season-1-49502/
DEBUG:visited:https://bmovies.cloud/film/sisters-season-1-49501/
DEBUG:visited:https://bmovies.cloud/film/saturdays-season-1-49500/
DEBUG:visited:https://bmovies.cloud/film/taskmaster-season-15-49499/
DEBUG:visited:https://bmovies.cloud/film/love-is-blind-season-4-49498/
DEBUG:visited:https://bmovies.cloud/film/flanders-no-inu-season-1-49492/
DEBUG:visited:https://bmovies.cloud/film/die-hart-season-2-49491/
DEBUG:visited:https://bmovies.cloud/film/rabbit-hole-season-1-49414/
DEBUG:visited:https://bmovies.cloud/film/a-time-to-kill-season-7-49185/
DEBUG:visited:https://bmovies.cloud/film/shark-tank-season-14-47055/
DEBUG:visited:https://bmovies.cloud/film/gogglebox-australia-season-17-49393/
DEBUG:visited:https://bmovies.cloud/film/jersey-shore-family-vacation-season-6-48567/
DEBUG:visited:https://bmovies.cloud/film/my-hero-academia-season-6-47923/
DEBUG:visited:https://bmovies.cloud/film/casualty-season-37-46633/
DEBUG:visited:https://bmovies.cloud/film/the-spencer-sisters-season-1-48603/
DEBUG:visited:https://bmovies.cloud/film/top-chef-season-20-49176/
DEBUG:visited:https://bmovies.cloud/film/swamp-people-serpent-invasion-season-3-48681/
DEBUG:visited:https://bmovies.cloud/film/swamp-people-season-14-48568/
DEBUG:visited:https://bmovies.cloud/film/big-brother-canada-season-11-49235/
DEBUG:visited:https://bmovies.cloud/film/party-down-season-3-48974/
DEBUG:visited:https://bmovies.cloud/film/battlebots-season-8-48254/
DEBUG:visited:https://bmovies.cloud/film/rupauls-drag-race-untucked-season-15-48238/
DEBUG:visited:https://bmovies.cloud/film/game-theory-with-bomani-jones-season-2-48680/
DEBUG:visited:https://bmovies.cloud/film/fire-country-season-1-47052/
DEBUG:visited:https://bmovies.cloud/film/real-time-with-bill-maher-season-21-48456/
DEBUG:visited:https://bmovies.cloud/film/van-der-valk-season-3-49397/
DEBUG:visited:https://bmovies.cloud/film/gogglebox-season-21-48984/
DEBUG:visited:https://bmovies.cloud/film/would-i-lie-to-you-season-16-48697/
DEBUG:visited:https://bmovies.cloud/film/rupauls-drag-race-season-15-48229/
DEBUG:visited:https://bmovies.cloud/film/swat-season-6-47047/
DEBUG:visited:https://bmovies.cloud/film/ex-on-the-beach-us-season-6-48792/
DEBUG:visited:https://bmovies.cloud/film/impractical-jokers-season-10-48777/
DEBUG:visited:https://bmovies.cloud/film/ghosts-season-2-46957/
DEBUG:visited:https://bmovies.cloud/film/the-circus-season-8-49078/
DEBUG:visited:https://bmovies.cloud/film/grand-crew-season-2-49075/
DEBUG:visited:https://dopebox.to/tv/watch-the-big-interiors-battle-online-hd-96121
DEBUG:visited:https://dopebox.to/tv/watch-mark-robers-revengineers-online-hd-96118
DEBUG:visited:https://dopebox.to/tv/watch-the-nurse-online-hd-96013
DEBUG:visited:https://dopebox.to/tv/watch-i-am-hope-online-hd-96010
DEBUG:visited:https://dopebox.to/tv/watch-citadel-online-hd-96004
DEBUG:visited:https://dopebox.to/tv/watch-love-death-online-hd-96001
DEBUG:visited:https://dopebox.se/tv/watch-risque-business-japan-online-hd-95998
DEBUG:visited:https://dopebox.to/tv/watch-mtvs-family-legacy-online-hd-95995
DEBUG:visited:https://dopebox.to/tv/watch-matildas-the-world-at-our-feet-online-hd-95992
DEBUG:visited:https://dopebox.se/tv/watch-love-after-music-online-hd-95989
DEBUG:visited:https://dopebox.to/tv/watch-sam-a-saxon-online-hd-95986
DEBUG:visited:https://dopebox.to/tv/watch-im-a-celebrity-south-africa-online-hd-95983
DEBUG:visited:https://dopebox.to/tv/watch-discovering-david-dobrik-online-hd-95980
DEBUG:visited:https://dopebox.to/tv/watch-tyler-perrys-zatima-online-hd-95977
DEBUG:visited:https://dopebox.to/tv/watch-tooth-pari-when-love-bites-online-hd-95974
DEBUG:visited:https://dopebox.to/tv/watch-ted-bundy-the-survivors-online-hd-95971
DEBUG:visited:https://dopebox.to/tv/watch-nacho-online-hd-95968
DEBUG:visited:https://dopebox.se/tv/watch-murder-of-gods-banker-online-hd-95965
DEBUG:visited:https://dopebox.to/tv/watch-saint-x-online-hd-95929
DEBUG:visited:https://dopebox.to/tv/watch-ciao-house-online-hd-95860
DEBUG:visited:https://dopebox.to/tv/watch-amityville-an-origin-story-online-hd-95785
DEBUG:visited:https://dopebox.to/tv/watch-malpractice-online-hd-95782
DEBUG:visited:https://dopebox.to/tv/watch-rough-diamonds-online-hd-95779
DEBUG:visited:https://dopebox.to/tv/watch-dear-mama-the-saga-of-afeni-and-tupac-shakur-online-hd-95776
DEBUG:visited:https://dopebox.to/tv/watch-dead-ringers-online-hd-95773
DEBUG:visited:https://dopebox.to/tv/watch-to-serve-and-protect-online-hd-95770
DEBUG:visited:https://dopebox.to/tv/watch-motel-valkirias-online-hd-95764
DEBUG:visited:https://dopebox.to/tv/watch-totally-completely-fine-online-hd-95761
DEBUG:visited:https://dopebox.to/tv/watch-the-diplomat-online-hd-95758
DEBUG:visited:https://dopebox.to/tv/watch-ex-addicts-club-online-hd-95755
DEBUG:visited:https://dopebox.to/tv/watch-slip-online-hd-95752
DEBUG:visited:https://dopebox.to/tv/watch-warship-life-at-sea-online-hd-95746
DEBUG:visited:https://www3.moviecrumbs.net/tv/watch-v-love-death-.989-96001
DEBUG:visited:https://www3.moviecrumbs.net/tv/watch-v-citadel-.989-96004
DEBUG:visited:https://www3.moviecrumbs.net/tv/watch-v-the-nurse-.989-96013
DEBUG:visited:https://www3.moviecrumbs.net/tv/watch-v-saint-x-.989-95929
DEBUG:visited:https://www3.moviecrumbs.net/tv/watch-v-sam-a-saxon-.989-95986
DEBUG:visited:https://www3.moviecrumbs.net/tv/watch-v-love-after-music-.989-95989
DEBUG:visited:https://www3.moviecrumbs.net/tv/watch-v-matildas-the-world-at-our-feet-.989-95992
DEBUG:visited:https://www3.moviecrumbs.net/tv/watch-v-mtvs-family-legacy-.989-95995
DEBUG:visited:https://www3.moviecrumbs.net/tv/watch-v-risque-business-japan-.989-95998
DEBUG:visited:https://www3.moviecrumbs.net/tv/watch-v-im-a-celebrity-south-africa-.989-95983
DEBUG:visited:https://www3.moviecrumbs.net/tv/watch-v-malpractice-.989-95782
DEBUG:visited:https://www3.moviecrumbs.net/tv/watch-v-amityville-an-origin-story-.989-95785
DEBUG:visited:https://www3.moviecrumbs.net/tv/watch-v-slip-.989-95752
DEBUG:visited:https://www3.moviecrumbs.net/tv/watch-v-dear-mama-the-saga-of-afeni-and-tupac-shakur-.989-95776
DEBUG:visited:https://www3.moviecrumbs.net/tv/watch-v-rough-diamonds-.989-95779
DEBUG:visited:https://www3.moviecrumbs.net/tv/watch-v-the-big-interiors-battle-.989-96121
DEBUG:visited:https://www3.moviecrumbs.net/tv/watch-v-big-beasts-.989-95731
DEBUG:visited:https://www3.moviecrumbs.net/tv/watch-v-drops-of-god-.989-95734
DEBUG:visited:https://www3.moviecrumbs.net/tv/watch-v-ex-addicts-club-.989-95755
DEBUG:visited:https://www3.moviecrumbs.net/tv/watch-v-the-diplomat-.989-95758
DEBUG:visited:https://www3.moviecrumbs.net/tv/watch-v-totally-completely-fine-.989-95761
DEBUG:visited:https://www3.moviecrumbs.net/tv/watch-v-dead-ringers-.989-95773
DEBUG:visited:https://www3.moviecrumbs.net/tv/watch-v-mark-robers-revengineers-.989-96118
DEBUG:visited:https://www3.moviecrumbs.net/tv/watch-v-fired-on-mars-.989-95656
DEBUG:visited:https://www3.moviecrumbs.net/tv/watch-v-tooth-pari-when-love-bites-.989-95974
DEBUG:visited:https://www3.moviecrumbs.net/tv/watch-v-mrs-davis-.989-95740
DEBUG:visited:https://www3.moviecrumbs.net/tv/watch-v-algiers-america-.989-95590
DEBUG:visited:https://www3.moviecrumbs.net/tv/watch-v-chimp-empire-.989-95599
DEBUG:visited:https://www3.moviecrumbs.net/tv/watch-v-how-to-get-rich-.989-95533
DEBUG:visited:https://www3.moviecrumbs.net/tv/watch-v-family-the-unbreakable-bond-.989-95743
DEBUG:visited:https://www3.moviecrumbs.net/tv/watch-v-waco-the-aftermath-.989-95257
DEBUG:visited:https://www3.moviecrumbs.net/tv/watch-v-the-hunt-for-raoul-moat-.989-95530
DEBUG:visited:https://www3.moviecrumbs.net/tv/watch-v-scared-of-the-dark-.989-95536
DEBUG:visited:https://www3.moviecrumbs.net/tv/watch-v-ciao-house-.989-95860
DEBUG:visited:https://www3.moviecrumbs.net/tv/watch-v-doctor-cha-.989-95350
DEBUG:visited:https://www3.moviecrumbs.net/tv/watch-v-bringbackalice-.989-95347
DEBUG:visited:https://www3.moviecrumbs.net/tv/watch-v-queenmaker-.989-95359
DEBUG:visited:https://www3.moviecrumbs.net/tv/watch-v-greek-salad-.989-95413
DEBUG:visited:https://www3.moviecrumbs.net/tv/watch-v-florida-man-.989-95242
DEBUG:visited:https://www3.moviecrumbs.net/tv/watch-v-obsession-.989-95248
